<?xml version="1.0" encoding="UTF-8"?>
<!-- Generated by org.testng.reporters.JUnitReportReporter -->
<testsuite hostname="Rupalis-MacBook-Pro.local" failures="0" tests="1" name="com.pvai.qa.test.PetStoreTest" time="3.845" errors="0" timestamp="2023-02-20T11:44:26 GMT-08:00" skipped="0">
  <testcase classname="com.pvai.qa.test.PetStoreTest" name="findPetByIdPositiveTest" time="3.845"/>
  <system-out/>
</testsuite> <!-- com.pvai.qa.test.PetStoreTest -->
