<?xml version="1.0" encoding="UTF-8"?>
<!-- Generated by org.testng.reporters.JUnitReportReporter -->
<testsuite hostname="Rupalis-MacBook-Pro.local" failures="0" tests="2" name="com.pvai.qa.test.PetStoreTest" time="6.066" errors="0" timestamp="2023-02-22T18:20:46 GMT-08:00" skipped="0">
  <testcase classname="com.pvai.qa.test.PetStoreTest" name="deletePetById" time="1.045"/>
  <system-out/>
  <testcase classname="com.pvai.qa.test.PetStoreTest" name="addNewPetToStorePositiveTest" time="5.021"/>
  <system-out/>
</testsuite> <!-- com.pvai.qa.test.PetStoreTest -->
