<?xml version="1.0" encoding="UTF-8"?>
<!-- Generated by org.testng.reporters.JUnitReportReporter -->
<testsuite hostname="Rupalis-MacBook-Pro.local" failures="0" tests="1" name="com.pvai.qa.test.PetStoreTest" time="4.255" errors="0" timestamp="2023-02-22T12:30:47 GMT-08:00" skipped="0">
  <testcase classname="com.pvai.qa.test.PetStoreTest" name="addNewPetToStorePositiveTest" time="4.255"/>
  <system-out/>
</testsuite> <!-- com.pvai.qa.test.PetStoreTest -->
