<?xml version="1.0" encoding="UTF-8"?>
<!-- Generated by org.testng.reporters.JUnitReportReporter -->
<testsuite hostname="Rupalis-MacBook-Pro.local" failures="0" tests="1" name="com.pvai.qa.test.PetStoreTest" time="4.189" errors="0" timestamp="2023-02-19T22:33:03 GMT-08:00" skipped="0">
  <testcase classname="com.pvai.qa.test.PetStoreTest" name="findPetByIdPositiveTest" time="4.189"/>
  <system-out/>
</testsuite> <!-- com.pvai.qa.test.PetStoreTest -->
