<?xml version="1.0" encoding="UTF-8"?>
<!-- Generated by org.testng.reporters.JUnitReportReporter -->
<testsuite hostname="Rupalis-MacBook-Pro.local" failures="0" tests="22" name="com.pvai.qa.test.PetStoreTest" time="24.688" errors="0" timestamp="2023-02-22T18:42:21 GMT-08:00" skipped="0">
  <testcase classname="com.pvai.qa.test.PetStoreTest" name="findPetByStatus" time="0.612"/>
  <system-out/>
  <testcase classname="com.pvai.qa.test.PetStoreTest" name="findPetByStatus" time="0.648"/>
  <system-out/>
  <testcase classname="com.pvai.qa.test.PetStoreTest" name="findPetByStatus" time="4.561"/>
  <system-out/>
  <testcase classname="com.pvai.qa.test.PetStoreTest" name="addNewPetToStorePositiveTest" time="0.746"/>
  <system-out/>
  <testcase classname="com.pvai.qa.test.PetStoreTest" name="addNewPetToStoreWithStringAsIdNegativeTest" time="0.583"/>
  <system-out/>
  <testcase classname="com.pvai.qa.test.PetStoreTest" name="addNewPetToStoreWithLongNameAndLongStatusPositiveTest" time="0.519"/>
  <system-out/>
  <testcase classname="com.pvai.qa.test.PetStoreTest" name="addNewPetToStoreWithLongCategoryIdServerError" time="0.697"/>
  <system-out/>
  <testcase classname="com.pvai.qa.test.PetStoreTest" name="findPetByIdPositiveTest" time="0.561"/>
  <system-out/>
  <testcase classname="com.pvai.qa.test.PetStoreTest" name="findPetByIdWithAlphaNumericIdNegativeTest" time="0.590"/>
  <system-out/>
  <testcase classname="com.pvai.qa.test.PetStoreTest" name="findPetByIdWIthInvalidIdNegativeTest" time="1.118"/>
  <system-out/>
  <testcase classname="com.pvai.qa.test.PetStoreTest" name="updatePetWithFormData" time="3.871"/>
  <system-out/>
  <testcase classname="com.pvai.qa.test.PetStoreTest" name="updatePetWithFormDataWithUnknownId" time="2.859"/>
  <system-out/>
  <testcase classname="com.pvai.qa.test.PetStoreTest" name="updatePetWithFormDataWithLongId" time="1.691"/>
  <system-out/>
  <testcase classname="com.pvai.qa.test.PetStoreTest" name="deletePetById" time="0.534"/>
  <system-out/>
  <testcase classname="com.pvai.qa.test.PetStoreTest" name="deletePetByIdNegativeTest" time="0.487"/>
  <system-out/>
  <testcase classname="com.pvai.qa.test.PetStoreTest" name="uploadImagePositiveTest" time="1.059"/>
  <system-out/>
  <testcase classname="com.pvai.qa.test.PetStoreTest" name="uploadImageNegativeTestInvalidId" time="0.887"/>
  <system-out/>
  <testcase classname="com.pvai.qa.test.PetStoreTest" name="uploadImageNegativeTestNoId" time="0.613"/>
  <system-out/>
  <testcase classname="com.pvai.qa.test.PetStoreTest" name="uploadImageNegativeTestNoFileNoMetadata" time="0.552"/>
  <system-out/>
  <testcase classname="com.pvai.qa.test.PetStoreTest" name="uploadImageNegativeTestNoFile" time="0.492"/>
  <system-out/>
  <testcase classname="com.pvai.qa.test.PetStoreTest" name="updateExistingPet" time="0.502"/>
  <system-out/>
  <testcase classname="com.pvai.qa.test.PetStoreTest" name="updateExistingPetUnknownIdNegativeTest" time="0.506"/>
  <system-out/>
</testsuite> <!-- com.pvai.qa.test.PetStoreTest -->
